1650535218862	geckodriver	INFO	Listening on 127.0.0.1:54381
1650535218871	mozrunner::runner	INFO	Running command: "/usr/bin/firefox" "--marionette" "-no-remote" "-profile" "/tmp/rust_mozprofileDAlqJS"
1650535220211	Marionette	INFO	Marionette enabled
console.warn: SearchSettings: "get: No settings file exists, new profile?" (new NotFoundError("Could not open the file at /tmp/rust_mozprofileDAlqJS/search.json.mozlz4", (void 0)))
1650535222165	Marionette	INFO	Listening on port 36357
Read port: 36357
1650535222217	RemoteAgent	WARN	TLS certificate errors will be ignored for this session
1650535241891	Marionette	INFO	Stopped listening on port 36357

###!!! [Parent][PImageBridgeParent] Error: RunMessage(msgname=PImageBridge::Msg_WillClose) Channel closing: too late to send/recv, messages will be lost

1650535244290	geckodriver	INFO	Listening on 127.0.0.1:55981
1650535244310	mozrunner::runner	INFO	Running command: "/usr/bin/firefox" "--marionette" "-no-remote" "-profile" "/tmp/rust_mozprofileQwFf9f"
1650535245314	Marionette	INFO	Marionette enabled
console.warn: SearchSettings: "get: No settings file exists, new profile?" (new NotFoundError("Could not open the file at /tmp/rust_mozprofileQwFf9f/search.json.mozlz4", (void 0)))
1650535247249	Marionette	INFO	Listening on port 32803
Read port: 32803
1650535247346	RemoteAgent	WARN	TLS certificate errors will be ignored for this session
1650536247868	geckodriver	INFO	Listening on 127.0.0.1:43665
1650536248894	mozrunner::runner	INFO	Running command: "/usr/bin/firefox" "--marionette" "-no-remote" "-profile" "/tmp/rust_mozprofilewcwbC1"
1650536250564	Marionette	INFO	Marionette enabled
console.warn: SearchSettings: "get: No settings file exists, new profile?" (new NotFoundError("Could not open the file at /tmp/rust_mozprofilewcwbC1/search.json.mozlz4", (void 0)))
1650536252359	Marionette	INFO	Listening on port 34163
Read port: 34163
1650536252432	RemoteAgent	WARN	TLS certificate errors will be ignored for this session
1650536606400	Marionette	INFO	Stopped listening on port 32803
1650536610587	Marionette	INFO	Stopped listening on port 34163
1650537337072	geckodriver	INFO	Listening on 127.0.0.1:57399
1650537338098	mozrunner::runner	INFO	Running command: "/usr/bin/firefox" "--marionette" "-no-remote" "-profile" "/tmp/rust_mozprofileFCgntI"
1650537339286	Marionette	INFO	Marionette enabled
console.warn: SearchSettings: "get: No settings file exists, new profile?" (new NotFoundError("Could not open the file at /tmp/rust_mozprofileFCgntI/search.json.mozlz4", (void 0)))
1650537341083	Marionette	INFO	Listening on port 46265
Read port: 46265
1650537341136	RemoteAgent	WARN	TLS certificate errors will be ignored for this session
1650537343073	Marionette	INFO	Stopped listening on port 46265
